<?xml version="1.0" encoding="UTF-8"?>
<testsuites name="Mocha Tests" time="0" tests="6" failures="6">
  <testsuite name="Root Suite" timestamp="2020-06-02T17:35:11" tests="0" failures="0" time="0">
  </testsuite>
  <testsuite name="Marketplace Profile Page" timestamp="2020-06-02T17:35:11" tests="0" failures="0" time="0">
  </testsuite>
  <testsuite name="in mobile" timestamp="2020-06-02T17:35:11" tests="2" failures="2" time="0">
    <testcase name="Marketplace Profile Page in mobile tests Get Availability Flow for Assisited Living Community - Talk to Advisor Flow" time="0" classname="tests Get Availability Flow for Assisited Living Community - Talk to Advisor Flow">
      <failure message="Timed out retrying: Expected to find content: &apos;Get your Pricing and Availability&apos; but never did." type="CypressError"><![CDATA[CypressError: Timed out retrying: Expected to find content: 'Get your Pricing and Availability' but never did.
    at Object.cypressErr (http://www.lvh.me/__cypress/runner/cypress_runner.js:105262:11)
    at Object.throwErr (http://www.lvh.me/__cypress/runner/cypress_runner.js:105217:18)
    at Object.throwErrByPath (http://www.lvh.me/__cypress/runner/cypress_runner.js:105249:17)
    at retry (http://www.lvh.me/__cypress/runner/cypress_runner.js:96526:16)
    at onFailFn (http://www.lvh.me/__cypress/runner/cypress_runner.js:85591:16)
    at tryCatcher (http://www.lvh.me/__cypress/runner/cypress_runner.js:139407:23)
    at Promise._settlePromiseFromHandler (http://www.lvh.me/__cypress/runner/cypress_runner.js:137343:31)
    at Promise._settlePromise (http://www.lvh.me/__cypress/runner/cypress_runner.js:137400:18)
    at Promise._settlePromise0 (http://www.lvh.me/__cypress/runner/cypress_runner.js:137445:10)
    at Promise._settlePromises (http://www.lvh.me/__cypress/runner/cypress_runner.js:137520:18)
    at Async../node_modules/bluebird/js/release/async.js.Async._drainQueue (http://www.lvh.me/__cypress/runner/cypress_runner.js:134132:16)
    at Async../node_modules/bluebird/js/release/async.js.Async._drainQueues (http://www.lvh.me/__cypress/runner/cypress_runner.js:134142:10)
    at Async.drainQueues (http://www.lvh.me/__cypress/runner/cypress_runner.js:134016:14)]]></failure>
    </testcase>
    <testcase name="Marketplace Profile Page in mobile tests Get Availability Flow for Assisited Living Community - Affordable Options Flow" time="0" classname="tests Get Availability Flow for Assisited Living Community - Affordable Options Flow">
      <failure message="Timed out retrying: Expected to find content: &apos;Get your Pricing and Availability&apos; but never did." type="CypressError"><![CDATA[CypressError: Timed out retrying: Expected to find content: 'Get your Pricing and Availability' but never did.
    at Object.cypressErr (http://www.lvh.me/__cypress/runner/cypress_runner.js:105262:11)
    at Object.throwErr (http://www.lvh.me/__cypress/runner/cypress_runner.js:105217:18)
    at Object.throwErrByPath (http://www.lvh.me/__cypress/runner/cypress_runner.js:105249:17)
    at retry (http://www.lvh.me/__cypress/runner/cypress_runner.js:96526:16)
    at onFailFn (http://www.lvh.me/__cypress/runner/cypress_runner.js:85591:16)
    at tryCatcher (http://www.lvh.me/__cypress/runner/cypress_runner.js:139407:23)
    at Promise._settlePromiseFromHandler (http://www.lvh.me/__cypress/runner/cypress_runner.js:137343:31)
    at Promise._settlePromise (http://www.lvh.me/__cypress/runner/cypress_runner.js:137400:18)
    at Promise._settlePromise0 (http://www.lvh.me/__cypress/runner/cypress_runner.js:137445:10)
    at Promise._settlePromises (http://www.lvh.me/__cypress/runner/cypress_runner.js:137520:18)
    at Async../node_modules/bluebird/js/release/async.js.Async._drainQueue (http://www.lvh.me/__cypress/runner/cypress_runner.js:134132:16)
    at Async../node_modules/bluebird/js/release/async.js.Async._drainQueues (http://www.lvh.me/__cypress/runner/cypress_runner.js:134142:10)
    at Async.drainQueues (http://www.lvh.me/__cypress/runner/cypress_runner.js:134016:14)]]></failure>
    </testcase>
  </testsuite>
  <testsuite name="in tablet" timestamp="2020-06-02T17:35:39" tests="2" failures="2" time="0">
    <testcase name="Marketplace Profile Page in tablet tests Get Availability Flow for Assisited Living Community - Talk to Advisor Flow" time="0" classname="tests Get Availability Flow for Assisited Living Community - Talk to Advisor Flow">
      <failure message="Timed out retrying: Expected to find content: &apos;Get your Pricing and Availability&apos; but never did." type="CypressError"><![CDATA[CypressError: Timed out retrying: Expected to find content: 'Get your Pricing and Availability' but never did.
    at Object.cypressErr (http://www.lvh.me/__cypress/runner/cypress_runner.js:105262:11)
    at Object.throwErr (http://www.lvh.me/__cypress/runner/cypress_runner.js:105217:18)
    at Object.throwErrByPath (http://www.lvh.me/__cypress/runner/cypress_runner.js:105249:17)
    at retry (http://www.lvh.me/__cypress/runner/cypress_runner.js:96526:16)
    at onFailFn (http://www.lvh.me/__cypress/runner/cypress_runner.js:85591:16)
    at tryCatcher (http://www.lvh.me/__cypress/runner/cypress_runner.js:139407:23)
    at Promise._settlePromiseFromHandler (http://www.lvh.me/__cypress/runner/cypress_runner.js:137343:31)
    at Promise._settlePromise (http://www.lvh.me/__cypress/runner/cypress_runner.js:137400:18)
    at Promise._settlePromise0 (http://www.lvh.me/__cypress/runner/cypress_runner.js:137445:10)
    at Promise._settlePromises (http://www.lvh.me/__cypress/runner/cypress_runner.js:137520:18)
    at Async../node_modules/bluebird/js/release/async.js.Async._drainQueue (http://www.lvh.me/__cypress/runner/cypress_runner.js:134132:16)
    at Async../node_modules/bluebird/js/release/async.js.Async._drainQueues (http://www.lvh.me/__cypress/runner/cypress_runner.js:134142:10)
    at Async.drainQueues (http://www.lvh.me/__cypress/runner/cypress_runner.js:134016:14)]]></failure>
    </testcase>
    <testcase name="Marketplace Profile Page in tablet tests Get Availability Flow for Assisited Living Community - Affordable Options Flow" time="0" classname="tests Get Availability Flow for Assisited Living Community - Affordable Options Flow">
      <failure message="Timed out retrying: Expected to find content: &apos;Get your Pricing and Availability&apos; but never did." type="CypressError"><![CDATA[CypressError: Timed out retrying: Expected to find content: 'Get your Pricing and Availability' but never did.
    at Object.cypressErr (http://www.lvh.me/__cypress/runner/cypress_runner.js:105262:11)
    at Object.throwErr (http://www.lvh.me/__cypress/runner/cypress_runner.js:105217:18)
    at Object.throwErrByPath (http://www.lvh.me/__cypress/runner/cypress_runner.js:105249:17)
    at retry (http://www.lvh.me/__cypress/runner/cypress_runner.js:96526:16)
    at onFailFn (http://www.lvh.me/__cypress/runner/cypress_runner.js:85591:16)
    at tryCatcher (http://www.lvh.me/__cypress/runner/cypress_runner.js:139407:23)
    at Promise._settlePromiseFromHandler (http://www.lvh.me/__cypress/runner/cypress_runner.js:137343:31)
    at Promise._settlePromise (http://www.lvh.me/__cypress/runner/cypress_runner.js:137400:18)
    at Promise._settlePromise0 (http://www.lvh.me/__cypress/runner/cypress_runner.js:137445:10)
    at Promise._settlePromises (http://www.lvh.me/__cypress/runner/cypress_runner.js:137520:18)
    at Async../node_modules/bluebird/js/release/async.js.Async._drainQueue (http://www.lvh.me/__cypress/runner/cypress_runner.js:134132:16)
    at Async../node_modules/bluebird/js/release/async.js.Async._drainQueues (http://www.lvh.me/__cypress/runner/cypress_runner.js:134142:10)
    at Async.drainQueues (http://www.lvh.me/__cypress/runner/cypress_runner.js:134016:14)]]></failure>
    </testcase>
  </testsuite>
  <testsuite name="in laptop" timestamp="2020-06-02T17:36:09" tests="2" failures="2" time="0">
    <testcase name="Marketplace Profile Page in laptop tests Get Availability Flow for Assisited Living Community - Talk to Advisor Flow" time="0" classname="tests Get Availability Flow for Assisited Living Community - Talk to Advisor Flow">
      <failure message="Timed out retrying: Expected to find content: &apos;Get your Pricing and Availability&apos; but never did." type="CypressError"><![CDATA[CypressError: Timed out retrying: Expected to find content: 'Get your Pricing and Availability' but never did.
    at Object.cypressErr (http://www.lvh.me/__cypress/runner/cypress_runner.js:105262:11)
    at Object.throwErr (http://www.lvh.me/__cypress/runner/cypress_runner.js:105217:18)
    at Object.throwErrByPath (http://www.lvh.me/__cypress/runner/cypress_runner.js:105249:17)
    at retry (http://www.lvh.me/__cypress/runner/cypress_runner.js:96526:16)
    at onFailFn (http://www.lvh.me/__cypress/runner/cypress_runner.js:85591:16)
    at tryCatcher (http://www.lvh.me/__cypress/runner/cypress_runner.js:139407:23)
    at Promise._settlePromiseFromHandler (http://www.lvh.me/__cypress/runner/cypress_runner.js:137343:31)
    at Promise._settlePromise (http://www.lvh.me/__cypress/runner/cypress_runner.js:137400:18)
    at Promise._settlePromise0 (http://www.lvh.me/__cypress/runner/cypress_runner.js:137445:10)
    at Promise._settlePromises (http://www.lvh.me/__cypress/runner/cypress_runner.js:137520:18)
    at Async../node_modules/bluebird/js/release/async.js.Async._drainQueue (http://www.lvh.me/__cypress/runner/cypress_runner.js:134132:16)
    at Async../node_modules/bluebird/js/release/async.js.Async._drainQueues (http://www.lvh.me/__cypress/runner/cypress_runner.js:134142:10)
    at Async.drainQueues (http://www.lvh.me/__cypress/runner/cypress_runner.js:134016:14)]]></failure>
    </testcase>
    <testcase name="Marketplace Profile Page in laptop tests Get Availability Flow for Assisited Living Community - Affordable Options Flow" time="0" classname="tests Get Availability Flow for Assisited Living Community - Affordable Options Flow">
      <failure message="Timed out retrying: Expected to find content: &apos;Get your Pricing and Availability&apos; but never did." type="CypressError"><![CDATA[CypressError: Timed out retrying: Expected to find content: 'Get your Pricing and Availability' but never did.
    at Object.cypressErr (http://www.lvh.me/__cypress/runner/cypress_runner.js:105262:11)
    at Object.throwErr (http://www.lvh.me/__cypress/runner/cypress_runner.js:105217:18)
    at Object.throwErrByPath (http://www.lvh.me/__cypress/runner/cypress_runner.js:105249:17)
    at retry (http://www.lvh.me/__cypress/runner/cypress_runner.js:96526:16)
    at onFailFn (http://www.lvh.me/__cypress/runner/cypress_runner.js:85591:16)
    at tryCatcher (http://www.lvh.me/__cypress/runner/cypress_runner.js:139407:23)
    at Promise._settlePromiseFromHandler (http://www.lvh.me/__cypress/runner/cypress_runner.js:137343:31)
    at Promise._settlePromise (http://www.lvh.me/__cypress/runner/cypress_runner.js:137400:18)
    at Promise._settlePromise0 (http://www.lvh.me/__cypress/runner/cypress_runner.js:137445:10)
    at Promise._settlePromises (http://www.lvh.me/__cypress/runner/cypress_runner.js:137520:18)
    at Async../node_modules/bluebird/js/release/async.js.Async._drainQueue (http://www.lvh.me/__cypress/runner/cypress_runner.js:134132:16)
    at Async../node_modules/bluebird/js/release/async.js.Async._drainQueues (http://www.lvh.me/__cypress/runner/cypress_runner.js:134142:10)
    at Async.drainQueues (http://www.lvh.me/__cypress/runner/cypress_runner.js:134016:14)]]></failure>
    </testcase>
  </testsuite>
</testsuites>