<?xml version="1.0" encoding="UTF-8"?>
<testsuites name="Mocha Tests" time="0" tests="3" failures="3">
  <testsuite name="Root Suite" timestamp="2020-06-02T17:29:59" tests="0" failures="0" time="0">
  </testsuite>
  <testsuite name="Community Profile Sections" timestamp="2020-06-02T17:29:59" tests="0" failures="0" time="0">
  </testsuite>
  <testsuite name="in mobile" timestamp="2020-06-02T17:29:59" tests="1" failures="1" time="0">
    <testcase name="Community Profile Sections in mobile Should have required components" time="0" classname="Should have required components">
      <failure message="Timed out retrying: Expected to find element: &apos;[class*=&quot;HomePage__HeroWrapper&quot;]&apos;, but never found it." type="CypressError"><![CDATA[CypressError: Timed out retrying: Expected to find element: '[class*="HomePage__HeroWrapper"]', but never found it.
    at Object.cypressErr (http://www.lvh.me/__cypress/runner/cypress_runner.js:105262:11)
    at Object.throwErr (http://www.lvh.me/__cypress/runner/cypress_runner.js:105217:18)
    at Object.throwErrByPath (http://www.lvh.me/__cypress/runner/cypress_runner.js:105249:17)
    at retry (http://www.lvh.me/__cypress/runner/cypress_runner.js:96526:16)
    at onFailFn (http://www.lvh.me/__cypress/runner/cypress_runner.js:85591:16)
    at tryCatcher (http://www.lvh.me/__cypress/runner/cypress_runner.js:139407:23)
    at Promise._settlePromiseFromHandler (http://www.lvh.me/__cypress/runner/cypress_runner.js:137343:31)
    at Promise._settlePromise (http://www.lvh.me/__cypress/runner/cypress_runner.js:137400:18)
    at Promise._settlePromise0 (http://www.lvh.me/__cypress/runner/cypress_runner.js:137445:10)
    at Promise._settlePromises (http://www.lvh.me/__cypress/runner/cypress_runner.js:137520:18)
    at Async../node_modules/bluebird/js/release/async.js.Async._drainQueue (http://www.lvh.me/__cypress/runner/cypress_runner.js:134132:16)
    at Async../node_modules/bluebird/js/release/async.js.Async._drainQueues (http://www.lvh.me/__cypress/runner/cypress_runner.js:134142:10)
    at Async.drainQueues (http://www.lvh.me/__cypress/runner/cypress_runner.js:134016:14)]]></failure>
    </testcase>
  </testsuite>
  <testsuite name="in tablet" timestamp="2020-06-02T17:30:09" tests="1" failures="1" time="0">
    <testcase name="Community Profile Sections in tablet Should have required components" time="0" classname="Should have required components">
      <failure message="Timed out retrying: Expected to find element: &apos;[class*=&quot;HomePage__HeroWrapper&quot;]&apos;, but never found it." type="CypressError"><![CDATA[CypressError: Timed out retrying: Expected to find element: '[class*="HomePage__HeroWrapper"]', but never found it.
    at Object.cypressErr (http://www.lvh.me/__cypress/runner/cypress_runner.js:105262:11)
    at Object.throwErr (http://www.lvh.me/__cypress/runner/cypress_runner.js:105217:18)
    at Object.throwErrByPath (http://www.lvh.me/__cypress/runner/cypress_runner.js:105249:17)
    at retry (http://www.lvh.me/__cypress/runner/cypress_runner.js:96526:16)
    at onFailFn (http://www.lvh.me/__cypress/runner/cypress_runner.js:85591:16)
    at tryCatcher (http://www.lvh.me/__cypress/runner/cypress_runner.js:139407:23)
    at Promise._settlePromiseFromHandler (http://www.lvh.me/__cypress/runner/cypress_runner.js:137343:31)
    at Promise._settlePromise (http://www.lvh.me/__cypress/runner/cypress_runner.js:137400:18)
    at Promise._settlePromise0 (http://www.lvh.me/__cypress/runner/cypress_runner.js:137445:10)
    at Promise._settlePromises (http://www.lvh.me/__cypress/runner/cypress_runner.js:137520:18)
    at Async../node_modules/bluebird/js/release/async.js.Async._drainQueue (http://www.lvh.me/__cypress/runner/cypress_runner.js:134132:16)
    at Async../node_modules/bluebird/js/release/async.js.Async._drainQueues (http://www.lvh.me/__cypress/runner/cypress_runner.js:134142:10)
    at Async.drainQueues (http://www.lvh.me/__cypress/runner/cypress_runner.js:134016:14)]]></failure>
    </testcase>
  </testsuite>
  <testsuite name="in laptop" timestamp="2020-06-02T17:30:17" tests="1" failures="1" time="0">
    <testcase name="Community Profile Sections in laptop Should have required components" time="0" classname="Should have required components">
      <failure message="Timed out retrying: Expected to find element: &apos;[class*=&quot;HomePage__HeroWrapper&quot;]&apos;, but never found it." type="CypressError"><![CDATA[CypressError: Timed out retrying: Expected to find element: '[class*="HomePage__HeroWrapper"]', but never found it.
    at Object.cypressErr (http://www.lvh.me/__cypress/runner/cypress_runner.js:105262:11)
    at Object.throwErr (http://www.lvh.me/__cypress/runner/cypress_runner.js:105217:18)
    at Object.throwErrByPath (http://www.lvh.me/__cypress/runner/cypress_runner.js:105249:17)
    at retry (http://www.lvh.me/__cypress/runner/cypress_runner.js:96526:16)
    at onFailFn (http://www.lvh.me/__cypress/runner/cypress_runner.js:85591:16)
    at tryCatcher (http://www.lvh.me/__cypress/runner/cypress_runner.js:139407:23)
    at Promise._settlePromiseFromHandler (http://www.lvh.me/__cypress/runner/cypress_runner.js:137343:31)
    at Promise._settlePromise (http://www.lvh.me/__cypress/runner/cypress_runner.js:137400:18)
    at Promise._settlePromise0 (http://www.lvh.me/__cypress/runner/cypress_runner.js:137445:10)
    at Promise._settlePromises (http://www.lvh.me/__cypress/runner/cypress_runner.js:137520:18)
    at Async../node_modules/bluebird/js/release/async.js.Async._drainQueue (http://www.lvh.me/__cypress/runner/cypress_runner.js:134132:16)
    at Async../node_modules/bluebird/js/release/async.js.Async._drainQueues (http://www.lvh.me/__cypress/runner/cypress_runner.js:134142:10)
    at Async.drainQueues (http://www.lvh.me/__cypress/runner/cypress_runner.js:134016:14)]]></failure>
    </testcase>
  </testsuite>
</testsuites>