<?xml version="1.0" encoding="UTF-8"?>
<testsuites name="Mocha Tests" time="0" tests="1" failures="1">
  <testsuite name="Root Suite" timestamp="2020-06-02T17:29:46" tests="0" failures="0" time="0">
  </testsuite>
  <testsuite name="Marketplace Home Page" timestamp="2020-06-02T17:29:46" tests="1" failures="1" time="0">
    <testcase name="Marketplace Home Page AutoComplete City Search" time="0" classname="AutoComplete City Search">
      <failure message="Timed out retrying: expected &apos;http://www.lvh.me/&apos; to contain &apos;/assisted-living/california/san-francisco&apos;" type="CypressError"><![CDATA[CypressError: Timed out retrying: expected 'http://www.lvh.me/' to contain '/assisted-living/california/san-francisco'
    at Object.cypressErr (http://www.lvh.me/__cypress/runner/cypress_runner.js:105262:11)
    at Object.throwErr (http://www.lvh.me/__cypress/runner/cypress_runner.js:105217:18)
    at Object.throwErrByPath (http://www.lvh.me/__cypress/runner/cypress_runner.js:105249:17)
    at retry (http://www.lvh.me/__cypress/runner/cypress_runner.js:96526:16)
    at onFailFn (http://www.lvh.me/__cypress/runner/cypress_runner.js:85591:16)
    at tryCatcher (http://www.lvh.me/__cypress/runner/cypress_runner.js:139407:23)
    at Promise._settlePromiseFromHandler (http://www.lvh.me/__cypress/runner/cypress_runner.js:137343:31)
    at Promise._settlePromise (http://www.lvh.me/__cypress/runner/cypress_runner.js:137400:18)
    at Promise._settlePromise0 (http://www.lvh.me/__cypress/runner/cypress_runner.js:137445:10)
    at Promise._settlePromises (http://www.lvh.me/__cypress/runner/cypress_runner.js:137520:18)
    at Async../node_modules/bluebird/js/release/async.js.Async._drainQueue (http://www.lvh.me/__cypress/runner/cypress_runner.js:134132:16)
    at Async../node_modules/bluebird/js/release/async.js.Async._drainQueues (http://www.lvh.me/__cypress/runner/cypress_runner.js:134142:10)
    at Async.drainQueues (http://www.lvh.me/__cypress/runner/cypress_runner.js:134016:14)]]></failure>
    </testcase>
  </testsuite>
</testsuites>